<?xml version="1.0" encoding="UTF-8"?>
<testng-results ignored="0" total="1" passed="1" failed="0" skipped="0">
  <reporter-output>
  </reporter-output>
  <suite started-at="2023-04-05T14:02:34 IST" name="Mool_Vetan_Mobile" finished-at="2023-04-05T14:03:56 IST" duration-ms="81836">
    <groups>
    </groups>
    <test started-at="2023-04-05T14:02:34 IST" name="Mool Mobile" finished-at="2023-04-05T14:03:56 IST" duration-ms="81836">
      <class name="Testcases.DashboardApplyReimbursementTest">
        <test-method is-config="true" signature="setup()[pri:0, instance:Testcases.DashboardApplyReimbursementTest@1ab3a8c8]" started-at="2023-04-05T14:02:34 IST" name="setup" finished-at="2023-04-05T14:02:52 IST" duration-ms="17718" status="PASS">
          <reporter-output>
          </reporter-output>
        </test-method> <!-- setup -->
        <test-method signature="DashboardApplyReimbursementTest()[pri:0, instance:Testcases.DashboardApplyReimbursementTest@1ab3a8c8]" started-at="2023-04-05T14:02:52 IST" name="DashboardApplyReimbursementTest" finished-at="2023-04-05T14:03:56 IST" duration-ms="63755" status="PASS">
          <reporter-output>
          </reporter-output>
        </test-method> <!-- DashboardApplyReimbursementTest -->
        <test-method is-config="true" signature="teardown()[pri:0, instance:Testcases.DashboardApplyReimbursementTest@1ab3a8c8]" started-at="2023-04-05T14:03:56 IST" name="teardown" finished-at="2023-04-05T14:03:56 IST" duration-ms="332" status="PASS">
          <reporter-output>
          </reporter-output>
        </test-method> <!-- teardown -->
      </class> <!-- Testcases.DashboardApplyReimbursementTest -->
    </test> <!-- Mool Mobile -->
  </suite> <!-- Mool_Vetan_Mobile -->
</testng-results>
